<?xml version="1.0" encoding="UTF-8"?>
<!-- Generated by org.testng.reporters.JUnitXMLReporter -->
<testsuite ignored="0" hostname="DESKTOP-E5GIE34" failures="1" tests="3" name="Test_Dependency" time="0.03" errors="0" timestamp="2022-04-29T00:49:01 IST">
  <testcase classname="TestNG_Learning.TestCase3_DependsOn" name="doUserReg3" time="0.002">
    <failure type="java.lang.AssertionError" message="Registration failed">
      <![CDATA[java.lang.AssertionError: Registration failed
at TestNG_Learning.TestCase3_DependsOn.doUserReg3(TestCase3_DependsOn.java:12)
at java.base/java.util.ArrayList.forEach(ArrayList.java:1511)
... Removed 28 stack frames]]>
    </failure>
  </testcase> <!-- doUserReg3 -->
  <testcase classname="TestNG_Learning.TestCase3_DependsOn" name="doLogin3" time="0.0">
    <skipped/>
  </testcase> <!-- doLogin3 -->
  <testcase classname="TestNG_Learning.TestCase3_DependsOn" name="isSkip" time="0.003">
    <skipped/>
  </testcase> <!-- isSkip -->
</testsuite> <!-- Test_Dependency -->
