<?xml version="1.0" encoding="UTF-8"?>
<!-- Generated by org.testng.reporters.JUnitXMLReporter -->
<testsuite ignored="0" hostname="DESKTOP-E5GIE34" failures="1" tests="1" name="Test_Assertions" time="0.018" errors="0" timestamp="2022-04-26T23:56:46 IST">
  <testcase classname="TestNG_Learning.TestCase2_Assert" name="validateTitle" time="0.009">
    <failure type="java.lang.AssertionError" message="The following asserts failed:
	Titles Mismatch expected [yahoo.com] but found [gmail.com],
	Element not found expected [true] but found [false],
	Failed Forcefully">
      <![CDATA[java.lang.AssertionError: The following asserts failed:
Titles Mismatch expected [yahoo.com] but found [gmail.com],
Element not found expected [true] but found [false],
Failed Forcefully
at TestNG_Learning.TestCase2_Assert.validateTitle(TestCase2_Assert.java:24)
at java.base/java.util.ArrayList.forEach(ArrayList.java:1511)
... Removed 29 stack frames]]>
    </failure>
  </testcase> <!-- validateTitle -->
</testsuite> <!-- Test_Assertions -->
