<?xml version="1.0" encoding="UTF-8"?>
<!-- Generated by org.testng.reporters.JUnitXMLReporter -->
<testsuite ignored="0" hostname="DESKTOP-E5GIE34" failures="0" tests="4" name="Test" time="19.375" errors="0" timestamp="2022-05-07T20:40:50 IST">
  <testcase classname="TestNG_Learning.TestParameterization" name="doLogin" time="4.103"/>
  <testcase classname="TestNG_Learning.TestParameterization" name="doLogin" time="1.766"/>
  <testcase classname="TestNG_Learning.TestParameterization" name="doLogin" time="1.123"/>
  <testcase classname="TestNG_Learning.TestParameterization" name="doLogin" time="1.123"/>
</testsuite> <!-- Test -->
