<?xml version="1.0" encoding="UTF-8"?>
<!-- Generated by org.testng.reporters.JUnitXMLReporter -->
<testsuite ignored="1" hostname="PARIGI-2OFFICE" failures="0" tests="1" name="Test_Annotations" time="0.083" errors="0" timestamp="2022-05-12T16:49:59 IST">
  <testcase classname="TestNG_Learning.TestCase1_Annotations" name="doLogin1" time="0.009"/>
  <testcase classname="TestNG_Learning.TestCase1_Annotations" name="doUserReg1" time="0.0">
    <ignored/>
  </testcase> <!-- doUserReg1 -->
</testsuite> <!-- Test_Annotations -->
