<?xml version="1.0" encoding="UTF-8"?>
<!-- Generated by org.testng.reporters.JUnitXMLReporter -->
<testsuite ignored="0" hostname="DESKTOP-E5GIE34" failures="0" tests="4" name="Default test" time="20.952" errors="0" timestamp="2022-05-03T15:38:18 IST">
  <testcase classname="TestNG_Learning.TestParameterization" name="doLogin" time="4.264"/>
  <testcase classname="TestNG_Learning.TestParameterization" name="doLogin" time="1.361"/>
  <testcase classname="TestNG_Learning.TestParameterization" name="doLogin" time="1.422"/>
  <testcase classname="TestNG_Learning.TestParameterization" name="doLogin" time="1.219"/>
</testsuite> <!-- Default test -->
