<?xml version="1.0" encoding="UTF-8"?>
<!-- Generated by org.testng.reporters.JUnitXMLReporter -->
<testsuite ignored="0" hostname="DESKTOP-E5GIE34" failures="4" tests="4" name="Test" time="13.455" errors="0" timestamp="2022-05-03T00:12:04 IST">
  <testcase classname="TestNG_Learning.TestParameterization" name="doLogin" time="4.708">
    <failure type="org.openqa.selenium.ElementNotInteractableException" message="element not interactable
  (Session info: chrome=100.0.4896.127)
Build info: version: &amp;apos;4.1.4&amp;apos;, revision: &amp;apos;535d840ee2&amp;apos;
System info: host: &amp;apos;DESKTOP-E5GIE34&amp;apos;, ip: &amp;apos;192.168.55.104&amp;apos;, os.name: &amp;apos;Windows 10&amp;apos;, os.arch: &amp;apos;amd64&amp;apos;, os.version: &amp;apos;10.0&amp;apos;, java.version: &amp;apos;17.0.1&amp;apos;
Driver info: org.openqa.selenium.chrome.ChromeDriver
Command: [09b90e389f5eab30c778f9a03bd93ebf, sendKeysToElement {id=54f1bc01-ce1f-4feb-ac65-1544ad9eb452, value=[Ljava.lang.CharSequence;@5a8816cc}]
Capabilities {acceptInsecureCerts: false, browserName: chrome, browserVersion: 100.0.4896.127, chrome: {chromedriverVersion: 100.0.4896.60 (6a5d10861ce8..., userDataDir: C:\Users\SWAROO~1\AppData\L...}, goog:chromeOptions: {debuggerAddress: localhost:52707}, javascriptEnabled: true, networkConnectionEnabled: false, pageLoadStrategy: normal, platform: WINDOWS, platformName: WINDOWS, proxy: Proxy(), se:cdp: ws://localhost:52707/devtoo..., se:cdpVersion: 100.0.4896.127, setWindowRect: true, strictFileInteractability: false, timeouts: {implicit: 0, pageLoad: 300000, script: 30000}, unhandledPromptBehavior: dismiss and notify, webauthn:extension:credBlob: true, webauthn:extension:largeBlob: true, webauthn:virtualAuthenticators: true}
Element: [[ChromeDriver: chrome on WINDOWS (09b90e389f5eab30c778f9a03bd93ebf)] -&amp;gt; xpath: //*[@id=&amp;quot;identifierNext&amp;quot;]/div/button/span]
Session ID: 09b90e389f5eab30c778f9a03bd93ebf">
      <![CDATA[org.openqa.selenium.ElementNotInteractableException: element not interactable
  (Session info: chrome=100.0.4896.127)
Build info: version: '4.1.4', revision: '535d840ee2'
System info: host: 'DESKTOP-E5GIE34', ip: '192.168.55.104', os.name: 'Windows 10', os.arch: 'amd64', os.version: '10.0', java.version: '17.0.1'
Driver info: org.openqa.selenium.chrome.ChromeDriver
Command: [09b90e389f5eab30c778f9a03bd93ebf, sendKeysToElement {id=54f1bc01-ce1f-4feb-ac65-1544ad9eb452, value=[Ljava.lang.CharSequence;@5a8816cc}]
Capabilities {acceptInsecureCerts: false, browserName: chrome, browserVersion: 100.0.4896.127, chrome: {chromedriverVersion: 100.0.4896.60 (6a5d10861ce8..., userDataDir: C:\Users\SWAROO~1\AppData\L...}, goog:chromeOptions: {debuggerAddress: localhost:52707}, javascriptEnabled: true, networkConnectionEnabled: false, pageLoadStrategy: normal, platform: WINDOWS, platformName: WINDOWS, proxy: Proxy(), se:cdp: ws://localhost:52707/devtoo..., se:cdpVersion: 100.0.4896.127, setWindowRect: true, strictFileInteractability: false, timeouts: {implicit: 0, pageLoad: 300000, script: 30000}, unhandledPromptBehavior: dismiss and notify, webauthn:extension:credBlob: true, webauthn:extension:largeBlob: true, webauthn:virtualAuthenticators: true}
Element: [[ChromeDriver: chrome on WINDOWS (09b90e389f5eab30c778f9a03bd93ebf)] -> xpath: //*[@id="identifierNext"]/div/button/span]
Session ID: 09b90e389f5eab30c778f9a03bd93ebf
at org.openqa.selenium.remote.codec.w3c.W3CHttpResponseCodec.createException(W3CHttpResponseCodec.java:200)
at org.openqa.selenium.remote.codec.w3c.W3CHttpResponseCodec.decode(W3CHttpResponseCodec.java:133)
at org.openqa.selenium.remote.codec.w3c.W3CHttpResponseCodec.decode(W3CHttpResponseCodec.java:53)
at org.openqa.selenium.remote.HttpCommandExecutor.execute(HttpCommandExecutor.java:184)
at org.openqa.selenium.remote.service.DriverCommandExecutor.invokeExecute(DriverCommandExecutor.java:167)
at org.openqa.selenium.remote.service.DriverCommandExecutor.execute(DriverCommandExecutor.java:142)
at org.openqa.selenium.remote.RemoteWebDriver.execute(RemoteWebDriver.java:567)
at org.openqa.selenium.remote.RemoteWebElement.execute(RemoteWebElement.java:251)
at org.openqa.selenium.remote.RemoteWebElement.sendKeys(RemoteWebElement.java:107)
at TestNG_Learning.TestParameterization.doLogin(TestParameterization.java:65)
at java.base/java.util.ArrayList.forEach(ArrayList.java:1511)
... Removed 32 stack frames]]>
    </failure>
  </testcase> <!-- doLogin -->
  <testcase classname="TestNG_Learning.TestParameterization" name="doLogin" time="1.264">
    <failure type="org.openqa.selenium.ElementNotInteractableException" message="element not interactable
  (Session info: chrome=100.0.4896.127)
Build info: version: &amp;apos;4.1.4&amp;apos;, revision: &amp;apos;535d840ee2&amp;apos;
System info: host: &amp;apos;DESKTOP-E5GIE34&amp;apos;, ip: &amp;apos;192.168.55.104&amp;apos;, os.name: &amp;apos;Windows 10&amp;apos;, os.arch: &amp;apos;amd64&amp;apos;, os.version: &amp;apos;10.0&amp;apos;, java.version: &amp;apos;17.0.1&amp;apos;
Driver info: org.openqa.selenium.chrome.ChromeDriver
Command: [09b90e389f5eab30c778f9a03bd93ebf, sendKeysToElement {id=70502a91-c431-4318-a103-ff570a770d0e, value=[Ljava.lang.CharSequence;@51c8f62c}]
Capabilities {acceptInsecureCerts: false, browserName: chrome, browserVersion: 100.0.4896.127, chrome: {chromedriverVersion: 100.0.4896.60 (6a5d10861ce8..., userDataDir: C:\Users\SWAROO~1\AppData\L...}, goog:chromeOptions: {debuggerAddress: localhost:52707}, javascriptEnabled: true, networkConnectionEnabled: false, pageLoadStrategy: normal, platform: WINDOWS, platformName: WINDOWS, proxy: Proxy(), se:cdp: ws://localhost:52707/devtoo..., se:cdpVersion: 100.0.4896.127, setWindowRect: true, strictFileInteractability: false, timeouts: {implicit: 0, pageLoad: 300000, script: 30000}, unhandledPromptBehavior: dismiss and notify, webauthn:extension:credBlob: true, webauthn:extension:largeBlob: true, webauthn:virtualAuthenticators: true}
Element: [[ChromeDriver: chrome on WINDOWS (09b90e389f5eab30c778f9a03bd93ebf)] -&amp;gt; xpath: //*[@id=&amp;quot;identifierNext&amp;quot;]/div/button/span]
Session ID: 09b90e389f5eab30c778f9a03bd93ebf">
      <![CDATA[org.openqa.selenium.ElementNotInteractableException: element not interactable
  (Session info: chrome=100.0.4896.127)
Build info: version: '4.1.4', revision: '535d840ee2'
System info: host: 'DESKTOP-E5GIE34', ip: '192.168.55.104', os.name: 'Windows 10', os.arch: 'amd64', os.version: '10.0', java.version: '17.0.1'
Driver info: org.openqa.selenium.chrome.ChromeDriver
Command: [09b90e389f5eab30c778f9a03bd93ebf, sendKeysToElement {id=70502a91-c431-4318-a103-ff570a770d0e, value=[Ljava.lang.CharSequence;@51c8f62c}]
Capabilities {acceptInsecureCerts: false, browserName: chrome, browserVersion: 100.0.4896.127, chrome: {chromedriverVersion: 100.0.4896.60 (6a5d10861ce8..., userDataDir: C:\Users\SWAROO~1\AppData\L...}, goog:chromeOptions: {debuggerAddress: localhost:52707}, javascriptEnabled: true, networkConnectionEnabled: false, pageLoadStrategy: normal, platform: WINDOWS, platformName: WINDOWS, proxy: Proxy(), se:cdp: ws://localhost:52707/devtoo..., se:cdpVersion: 100.0.4896.127, setWindowRect: true, strictFileInteractability: false, timeouts: {implicit: 0, pageLoad: 300000, script: 30000}, unhandledPromptBehavior: dismiss and notify, webauthn:extension:credBlob: true, webauthn:extension:largeBlob: true, webauthn:virtualAuthenticators: true}
Element: [[ChromeDriver: chrome on WINDOWS (09b90e389f5eab30c778f9a03bd93ebf)] -> xpath: //*[@id="identifierNext"]/div/button/span]
Session ID: 09b90e389f5eab30c778f9a03bd93ebf
at org.openqa.selenium.remote.codec.w3c.W3CHttpResponseCodec.createException(W3CHttpResponseCodec.java:200)
at org.openqa.selenium.remote.codec.w3c.W3CHttpResponseCodec.decode(W3CHttpResponseCodec.java:133)
at org.openqa.selenium.remote.codec.w3c.W3CHttpResponseCodec.decode(W3CHttpResponseCodec.java:53)
at org.openqa.selenium.remote.HttpCommandExecutor.execute(HttpCommandExecutor.java:184)
at org.openqa.selenium.remote.service.DriverCommandExecutor.invokeExecute(DriverCommandExecutor.java:167)
at org.openqa.selenium.remote.service.DriverCommandExecutor.execute(DriverCommandExecutor.java:142)
at org.openqa.selenium.remote.RemoteWebDriver.execute(RemoteWebDriver.java:567)
at org.openqa.selenium.remote.RemoteWebElement.execute(RemoteWebElement.java:251)
at org.openqa.selenium.remote.RemoteWebElement.sendKeys(RemoteWebElement.java:107)
at TestNG_Learning.TestParameterization.doLogin(TestParameterization.java:65)
at java.base/java.util.ArrayList.forEach(ArrayList.java:1511)
... Removed 32 stack frames]]>
    </failure>
  </testcase> <!-- doLogin -->
  <testcase classname="TestNG_Learning.TestParameterization" name="doLogin" time="1.255">
    <failure type="org.openqa.selenium.ElementNotInteractableException" message="element not interactable
  (Session info: chrome=100.0.4896.127)
Build info: version: &amp;apos;4.1.4&amp;apos;, revision: &amp;apos;535d840ee2&amp;apos;
System info: host: &amp;apos;DESKTOP-E5GIE34&amp;apos;, ip: &amp;apos;192.168.55.104&amp;apos;, os.name: &amp;apos;Windows 10&amp;apos;, os.arch: &amp;apos;amd64&amp;apos;, os.version: &amp;apos;10.0&amp;apos;, java.version: &amp;apos;17.0.1&amp;apos;
Driver info: org.openqa.selenium.chrome.ChromeDriver
Command: [09b90e389f5eab30c778f9a03bd93ebf, sendKeysToElement {id=050afa8a-9229-42df-91e1-9f74d737aa16, value=[Ljava.lang.CharSequence;@3e7b65d7}]
Capabilities {acceptInsecureCerts: false, browserName: chrome, browserVersion: 100.0.4896.127, chrome: {chromedriverVersion: 100.0.4896.60 (6a5d10861ce8..., userDataDir: C:\Users\SWAROO~1\AppData\L...}, goog:chromeOptions: {debuggerAddress: localhost:52707}, javascriptEnabled: true, networkConnectionEnabled: false, pageLoadStrategy: normal, platform: WINDOWS, platformName: WINDOWS, proxy: Proxy(), se:cdp: ws://localhost:52707/devtoo..., se:cdpVersion: 100.0.4896.127, setWindowRect: true, strictFileInteractability: false, timeouts: {implicit: 0, pageLoad: 300000, script: 30000}, unhandledPromptBehavior: dismiss and notify, webauthn:extension:credBlob: true, webauthn:extension:largeBlob: true, webauthn:virtualAuthenticators: true}
Element: [[ChromeDriver: chrome on WINDOWS (09b90e389f5eab30c778f9a03bd93ebf)] -&amp;gt; xpath: //*[@id=&amp;quot;identifierNext&amp;quot;]/div/button/span]
Session ID: 09b90e389f5eab30c778f9a03bd93ebf">
      <![CDATA[org.openqa.selenium.ElementNotInteractableException: element not interactable
  (Session info: chrome=100.0.4896.127)
Build info: version: '4.1.4', revision: '535d840ee2'
System info: host: 'DESKTOP-E5GIE34', ip: '192.168.55.104', os.name: 'Windows 10', os.arch: 'amd64', os.version: '10.0', java.version: '17.0.1'
Driver info: org.openqa.selenium.chrome.ChromeDriver
Command: [09b90e389f5eab30c778f9a03bd93ebf, sendKeysToElement {id=050afa8a-9229-42df-91e1-9f74d737aa16, value=[Ljava.lang.CharSequence;@3e7b65d7}]
Capabilities {acceptInsecureCerts: false, browserName: chrome, browserVersion: 100.0.4896.127, chrome: {chromedriverVersion: 100.0.4896.60 (6a5d10861ce8..., userDataDir: C:\Users\SWAROO~1\AppData\L...}, goog:chromeOptions: {debuggerAddress: localhost:52707}, javascriptEnabled: true, networkConnectionEnabled: false, pageLoadStrategy: normal, platform: WINDOWS, platformName: WINDOWS, proxy: Proxy(), se:cdp: ws://localhost:52707/devtoo..., se:cdpVersion: 100.0.4896.127, setWindowRect: true, strictFileInteractability: false, timeouts: {implicit: 0, pageLoad: 300000, script: 30000}, unhandledPromptBehavior: dismiss and notify, webauthn:extension:credBlob: true, webauthn:extension:largeBlob: true, webauthn:virtualAuthenticators: true}
Element: [[ChromeDriver: chrome on WINDOWS (09b90e389f5eab30c778f9a03bd93ebf)] -> xpath: //*[@id="identifierNext"]/div/button/span]
Session ID: 09b90e389f5eab30c778f9a03bd93ebf
at org.openqa.selenium.remote.codec.w3c.W3CHttpResponseCodec.createException(W3CHttpResponseCodec.java:200)
at org.openqa.selenium.remote.codec.w3c.W3CHttpResponseCodec.decode(W3CHttpResponseCodec.java:133)
at org.openqa.selenium.remote.codec.w3c.W3CHttpResponseCodec.decode(W3CHttpResponseCodec.java:53)
at org.openqa.selenium.remote.HttpCommandExecutor.execute(HttpCommandExecutor.java:184)
at org.openqa.selenium.remote.service.DriverCommandExecutor.invokeExecute(DriverCommandExecutor.java:167)
at org.openqa.selenium.remote.service.DriverCommandExecutor.execute(DriverCommandExecutor.java:142)
at org.openqa.selenium.remote.RemoteWebDriver.execute(RemoteWebDriver.java:567)
at org.openqa.selenium.remote.RemoteWebElement.execute(RemoteWebElement.java:251)
at org.openqa.selenium.remote.RemoteWebElement.sendKeys(RemoteWebElement.java:107)
at TestNG_Learning.TestParameterization.doLogin(TestParameterization.java:65)
at java.base/java.util.ArrayList.forEach(ArrayList.java:1511)
... Removed 32 stack frames]]>
    </failure>
  </testcase> <!-- doLogin -->
  <testcase classname="TestNG_Learning.TestParameterization" name="doLogin" time="1.437">
    <failure type="org.openqa.selenium.ElementNotInteractableException" message="element not interactable
  (Session info: chrome=100.0.4896.127)
Build info: version: &amp;apos;4.1.4&amp;apos;, revision: &amp;apos;535d840ee2&amp;apos;
System info: host: &amp;apos;DESKTOP-E5GIE34&amp;apos;, ip: &amp;apos;192.168.55.104&amp;apos;, os.name: &amp;apos;Windows 10&amp;apos;, os.arch: &amp;apos;amd64&amp;apos;, os.version: &amp;apos;10.0&amp;apos;, java.version: &amp;apos;17.0.1&amp;apos;
Driver info: org.openqa.selenium.chrome.ChromeDriver
Command: [09b90e389f5eab30c778f9a03bd93ebf, sendKeysToElement {id=79fbc334-600b-43d1-a277-d94d29b51940, value=[Ljava.lang.CharSequence;@3fb9a67f}]
Capabilities {acceptInsecureCerts: false, browserName: chrome, browserVersion: 100.0.4896.127, chrome: {chromedriverVersion: 100.0.4896.60 (6a5d10861ce8..., userDataDir: C:\Users\SWAROO~1\AppData\L...}, goog:chromeOptions: {debuggerAddress: localhost:52707}, javascriptEnabled: true, networkConnectionEnabled: false, pageLoadStrategy: normal, platform: WINDOWS, platformName: WINDOWS, proxy: Proxy(), se:cdp: ws://localhost:52707/devtoo..., se:cdpVersion: 100.0.4896.127, setWindowRect: true, strictFileInteractability: false, timeouts: {implicit: 0, pageLoad: 300000, script: 30000}, unhandledPromptBehavior: dismiss and notify, webauthn:extension:credBlob: true, webauthn:extension:largeBlob: true, webauthn:virtualAuthenticators: true}
Element: [[ChromeDriver: chrome on WINDOWS (09b90e389f5eab30c778f9a03bd93ebf)] -&amp;gt; xpath: //*[@id=&amp;quot;identifierNext&amp;quot;]/div/button/span]
Session ID: 09b90e389f5eab30c778f9a03bd93ebf">
      <![CDATA[org.openqa.selenium.ElementNotInteractableException: element not interactable
  (Session info: chrome=100.0.4896.127)
Build info: version: '4.1.4', revision: '535d840ee2'
System info: host: 'DESKTOP-E5GIE34', ip: '192.168.55.104', os.name: 'Windows 10', os.arch: 'amd64', os.version: '10.0', java.version: '17.0.1'
Driver info: org.openqa.selenium.chrome.ChromeDriver
Command: [09b90e389f5eab30c778f9a03bd93ebf, sendKeysToElement {id=79fbc334-600b-43d1-a277-d94d29b51940, value=[Ljava.lang.CharSequence;@3fb9a67f}]
Capabilities {acceptInsecureCerts: false, browserName: chrome, browserVersion: 100.0.4896.127, chrome: {chromedriverVersion: 100.0.4896.60 (6a5d10861ce8..., userDataDir: C:\Users\SWAROO~1\AppData\L...}, goog:chromeOptions: {debuggerAddress: localhost:52707}, javascriptEnabled: true, networkConnectionEnabled: false, pageLoadStrategy: normal, platform: WINDOWS, platformName: WINDOWS, proxy: Proxy(), se:cdp: ws://localhost:52707/devtoo..., se:cdpVersion: 100.0.4896.127, setWindowRect: true, strictFileInteractability: false, timeouts: {implicit: 0, pageLoad: 300000, script: 30000}, unhandledPromptBehavior: dismiss and notify, webauthn:extension:credBlob: true, webauthn:extension:largeBlob: true, webauthn:virtualAuthenticators: true}
Element: [[ChromeDriver: chrome on WINDOWS (09b90e389f5eab30c778f9a03bd93ebf)] -> xpath: //*[@id="identifierNext"]/div/button/span]
Session ID: 09b90e389f5eab30c778f9a03bd93ebf
at org.openqa.selenium.remote.codec.w3c.W3CHttpResponseCodec.createException(W3CHttpResponseCodec.java:200)
at org.openqa.selenium.remote.codec.w3c.W3CHttpResponseCodec.decode(W3CHttpResponseCodec.java:133)
at org.openqa.selenium.remote.codec.w3c.W3CHttpResponseCodec.decode(W3CHttpResponseCodec.java:53)
at org.openqa.selenium.remote.HttpCommandExecutor.execute(HttpCommandExecutor.java:184)
at org.openqa.selenium.remote.service.DriverCommandExecutor.invokeExecute(DriverCommandExecutor.java:167)
at org.openqa.selenium.remote.service.DriverCommandExecutor.execute(DriverCommandExecutor.java:142)
at org.openqa.selenium.remote.RemoteWebDriver.execute(RemoteWebDriver.java:567)
at org.openqa.selenium.remote.RemoteWebElement.execute(RemoteWebElement.java:251)
at org.openqa.selenium.remote.RemoteWebElement.sendKeys(RemoteWebElement.java:107)
at TestNG_Learning.TestParameterization.doLogin(TestParameterization.java:65)
at java.base/java.util.ArrayList.forEach(ArrayList.java:1511)
... Removed 32 stack frames]]>
    </failure>
  </testcase> <!-- doLogin -->
</testsuite> <!-- Test -->
