<?xml version="1.0" encoding="UTF-8"?>
<testng-results ignored="1" total="10" passed="5" failed="2" skipped="2">
  <reporter-output>
    <line>
      <![CDATA[Inside doLogin Method logging]]>
    </line>
    <line>
      <![CDATA[<a href='..\screenshots\Golf Clubsshot2.png' target='_blank'>ScreenShot </a>]]>
    </line>
    <line>
      <![CDATA[</br><a href='..\screenshots\Golf Clubsshot2.png' target='_blank'><img src='..\screenshots\Golf Clubsshot2.png' height=400 width=400> </a>]]>
    </line>
    <line>
      <![CDATA[<a href='..\screenshots\Golf Clubsshot2.png' target='_blank'>ScreenShot </a>]]>
    </line>
    <line>
      <![CDATA[</br><a href='..\screenshots\Golf Clubsshot2.png' target='_blank'><img src='..\screenshots\Golf Clubsshot2.png' height=400 width=400> </a>]]>
    </line>
  </reporter-output>
  <suite started-at="2022-05-07T20:40:31 IST" name="Learning TestNG" finished-at="2022-05-07T20:40:50 IST" duration-ms="19375">
    <groups>
      <group name="high">
        <method signature="TestCase2_Assert.validateTitle()[pri:0, instance:TestNG_Learning.TestCase2_Assert@7674b62c]" name="validateTitle" class="TestNG_Learning.TestCase2_Assert"/>
        <method signature="TestCase3_DependsOn.isSkip()[pri:3, instance:TestNG_Learning.TestCase3_DependsOn@3e6f3f28]" name="isSkip" class="TestNG_Learning.TestCase3_DependsOn"/>
      </group> <!-- high -->
      <group name="low">
        <method signature="TestCase1_Annotations.doLogin1()[pri:2, instance:TestNG_Learning.TestCase1_Annotations@14008db3]" name="doLogin1" class="TestNG_Learning.TestCase1_Annotations"/>
        <method signature="TestCase3_DependsOn.doUserReg3()[pri:1, instance:TestNG_Learning.TestCase3_DependsOn@3e6f3f28]" name="doUserReg3" class="TestNG_Learning.TestCase3_DependsOn"/>
        <method signature="TestCase3_DependsOn.doLogin3()[pri:2, instance:TestNG_Learning.TestCase3_DependsOn@3e6f3f28]" name="doLogin3" class="TestNG_Learning.TestCase3_DependsOn"/>
      </group> <!-- low -->
      <group name="med">
        <method signature="TestCase1_Annotations.doLogin1()[pri:2, instance:TestNG_Learning.TestCase1_Annotations@14008db3]" name="doLogin1" class="TestNG_Learning.TestCase1_Annotations"/>
        <method signature="TestCase2_Assert.validateTitle()[pri:0, instance:TestNG_Learning.TestCase2_Assert@7674b62c]" name="validateTitle" class="TestNG_Learning.TestCase2_Assert"/>
        <method signature="TestCase3_DependsOn.doUserReg3()[pri:1, instance:TestNG_Learning.TestCase3_DependsOn@3e6f3f28]" name="doUserReg3" class="TestNG_Learning.TestCase3_DependsOn"/>
      </group> <!-- med -->
    </groups>
    <test started-at="2022-05-07T20:40:31 IST" name="Test_Assertions" finished-at="2022-05-07T20:40:31 IST" duration-ms="171">
      <class name="TestNG_Learning.TestCase2_Assert">
        <test-method signature="validateTitle()[pri:0, instance:TestNG_Learning.TestCase2_Assert@7674b62c]" started-at="2022-05-07T20:40:31 IST" name="validateTitle" finished-at="2022-05-07T20:40:31 IST" duration-ms="79" status="FAIL">
          <exception class="java.lang.AssertionError">
            <message>
              <![CDATA[The following asserts failed:
Titles Mismatch expected [yahoo.com] but found [gmail.com],
Element not found expected [true] but found [false],
Failed Forcefully]]>
            </message>
            <full-stacktrace>
              <![CDATA[java.lang.AssertionError: The following asserts failed:
Titles Mismatch expected [yahoo.com] but found [gmail.com],
Element not found expected [true] but found [false],
Failed Forcefully
at org.testng.asserts.SoftAssert.assertAll(SoftAssert.java:47)
at org.testng.asserts.SoftAssert.assertAll(SoftAssert.java:31)
at TestNG_Learning.TestCase2_Assert.validateTitle(TestCase2_Assert.java:24)
at java.base/jdk.internal.reflect.NativeMethodAccessorImpl.invoke0(Native Method)
at java.base/jdk.internal.reflect.NativeMethodAccessorImpl.invoke(NativeMethodAccessorImpl.java:77)
at java.base/jdk.internal.reflect.DelegatingMethodAccessorImpl.invoke(DelegatingMethodAccessorImpl.java:43)
at java.base/java.lang.reflect.Method.invoke(Method.java:568)
at org.testng.internal.MethodInvocationHelper.invokeMethod(MethodInvocationHelper.java:133)
at org.testng.internal.TestInvoker.invokeMethod(TestInvoker.java:598)
at org.testng.internal.TestInvoker.invokeTestMethod(TestInvoker.java:173)
at org.testng.internal.MethodRunner.runInSequence(MethodRunner.java:46)
at org.testng.internal.TestInvoker$MethodInvocationAgent.invoke(TestInvoker.java:824)
at org.testng.internal.TestInvoker.invokeTestMethods(TestInvoker.java:146)
at org.testng.internal.TestMethodWorker.invokeTestMethods(TestMethodWorker.java:146)
at org.testng.internal.TestMethodWorker.run(TestMethodWorker.java:128)
at java.base/java.util.ArrayList.forEach(ArrayList.java:1511)
at org.testng.TestRunner.privateRun(TestRunner.java:794)
at org.testng.TestRunner.run(TestRunner.java:596)
at org.testng.SuiteRunner.runTest(SuiteRunner.java:377)
at org.testng.SuiteRunner.access$000(SuiteRunner.java:28)
at org.testng.SuiteRunner$SuiteWorker.run(SuiteRunner.java:418)
at org.testng.internal.thread.ThreadUtil.lambda$execute$0(ThreadUtil.java:64)
at java.base/java.util.concurrent.FutureTask.run(FutureTask.java:264)
at java.base/java.util.concurrent.ThreadPoolExecutor.runWorker(ThreadPoolExecutor.java:1136)
at java.base/java.util.concurrent.ThreadPoolExecutor$Worker.run(ThreadPoolExecutor.java:635)
at java.base/java.lang.Thread.run(Thread.java:833)
]]>
            </full-stacktrace>
          </exception> <!-- java.lang.AssertionError -->
          <reporter-output>
            <line>
              <![CDATA[<a href='..\screenshots\Golf Clubsshot2.png' target='_blank'>ScreenShot </a>]]>
            </line>
            <line>
              <![CDATA[</br><a href='..\screenshots\Golf Clubsshot2.png' target='_blank'><img src='..\screenshots\Golf Clubsshot2.png' height=400 width=400> </a>]]>
            </line>
          </reporter-output>
        </test-method> <!-- validateTitle -->
      </class> <!-- TestNG_Learning.TestCase2_Assert -->
    </test> <!-- Test_Assertions -->
    <test started-at="2022-05-07T20:40:31 IST" name="Test_Annotations" finished-at="2022-05-07T20:40:31 IST" duration-ms="145">
      <class name="TestNG_Learning.TestCase1_Annotations">
        <test-method is-config="true" signature="getDBconnection()[pri:0, instance:TestNG_Learning.TestCase1_Annotations@14008db3]" started-at="2022-05-07T20:40:31 IST" name="getDBconnection" finished-at="2022-05-07T20:40:31 IST" duration-ms="13" status="PASS">
          <reporter-output>
          </reporter-output>
        </test-method> <!-- getDBconnection -->
        <test-method is-config="true" signature="launchBrowser()[pri:0, instance:TestNG_Learning.TestCase1_Annotations@14008db3]" started-at="2022-05-07T20:40:31 IST" name="launchBrowser" finished-at="2022-05-07T20:40:31 IST" duration-ms="0" status="PASS">
          <reporter-output>
          </reporter-output>
        </test-method> <!-- launchBrowser -->
        <test-method signature="doLogin1()[pri:2, instance:TestNG_Learning.TestCase1_Annotations@14008db3]" started-at="2022-05-07T20:40:31 IST" name="doLogin1" finished-at="2022-05-07T20:40:31 IST" duration-ms="48" status="PASS">
          <reporter-output>
            <line>
              <![CDATA[Inside doLogin Method logging]]>
            </line>
          </reporter-output>
        </test-method> <!-- doLogin1 -->
        <test-method is-config="true" signature="closeBrowser()[pri:0, instance:TestNG_Learning.TestCase1_Annotations@14008db3]" started-at="2022-05-07T20:40:31 IST" name="closeBrowser" finished-at="2022-05-07T20:40:31 IST" duration-ms="1" status="PASS">
          <reporter-output>
          </reporter-output>
        </test-method> <!-- closeBrowser -->
        <test-method is-config="true" signature="closeDBconnection()[pri:0, instance:TestNG_Learning.TestCase1_Annotations@14008db3]" started-at="2022-05-07T20:40:31 IST" name="closeDBconnection" finished-at="2022-05-07T20:40:31 IST" duration-ms="1" status="PASS">
          <reporter-output>
          </reporter-output>
        </test-method> <!-- closeDBconnection -->
      </class> <!-- TestNG_Learning.TestCase1_Annotations -->
    </test> <!-- Test_Annotations -->
    <test started-at="2022-05-07T20:40:31 IST" name="Test_Dependency" finished-at="2022-05-07T20:40:31 IST" duration-ms="168">
      <class name="TestNG_Learning.TestCase3_DependsOn">
        <test-method signature="doUserReg3()[pri:1, instance:TestNG_Learning.TestCase3_DependsOn@3e6f3f28]" started-at="2022-05-07T20:40:31 IST" name="doUserReg3" finished-at="2022-05-07T20:40:31 IST" duration-ms="72" status="FAIL">
          <exception class="java.lang.AssertionError">
            <message>
              <![CDATA[Registration failed]]>
            </message>
            <full-stacktrace>
              <![CDATA[java.lang.AssertionError: Registration failed
at org.testng.Assert.fail(Assert.java:99)
at TestNG_Learning.TestCase3_DependsOn.doUserReg3(TestCase3_DependsOn.java:12)
at java.base/jdk.internal.reflect.NativeMethodAccessorImpl.invoke0(Native Method)
at java.base/jdk.internal.reflect.NativeMethodAccessorImpl.invoke(NativeMethodAccessorImpl.java:77)
at java.base/jdk.internal.reflect.DelegatingMethodAccessorImpl.invoke(DelegatingMethodAccessorImpl.java:43)
at java.base/java.lang.reflect.Method.invoke(Method.java:568)
at org.testng.internal.MethodInvocationHelper.invokeMethod(MethodInvocationHelper.java:133)
at org.testng.internal.TestInvoker.invokeMethod(TestInvoker.java:598)
at org.testng.internal.TestInvoker.invokeTestMethod(TestInvoker.java:173)
at org.testng.internal.MethodRunner.runInSequence(MethodRunner.java:46)
at org.testng.internal.TestInvoker$MethodInvocationAgent.invoke(TestInvoker.java:824)
at org.testng.internal.TestInvoker.invokeTestMethods(TestInvoker.java:146)
at org.testng.internal.TestMethodWorker.invokeTestMethods(TestMethodWorker.java:146)
at org.testng.internal.TestMethodWorker.run(TestMethodWorker.java:128)
at java.base/java.util.ArrayList.forEach(ArrayList.java:1511)
at org.testng.TestRunner.privateRun(TestRunner.java:794)
at org.testng.TestRunner.run(TestRunner.java:596)
at org.testng.SuiteRunner.runTest(SuiteRunner.java:377)
at org.testng.SuiteRunner.access$000(SuiteRunner.java:28)
at org.testng.SuiteRunner$SuiteWorker.run(SuiteRunner.java:418)
at org.testng.internal.thread.ThreadUtil.lambda$execute$0(ThreadUtil.java:64)
at java.base/java.util.concurrent.FutureTask.run(FutureTask.java:264)
at java.base/java.util.concurrent.ThreadPoolExecutor.runWorker(ThreadPoolExecutor.java:1136)
at java.base/java.util.concurrent.ThreadPoolExecutor$Worker.run(ThreadPoolExecutor.java:635)
at java.base/java.lang.Thread.run(Thread.java:833)
]]>
            </full-stacktrace>
          </exception> <!-- java.lang.AssertionError -->
          <reporter-output>
            <line>
              <![CDATA[<a href='..\screenshots\Golf Clubsshot2.png' target='_blank'>ScreenShot </a>]]>
            </line>
            <line>
              <![CDATA[</br><a href='..\screenshots\Golf Clubsshot2.png' target='_blank'><img src='..\screenshots\Golf Clubsshot2.png' height=400 width=400> </a>]]>
            </line>
          </reporter-output>
        </test-method> <!-- doUserReg3 -->
        <test-method signature="doLogin3()[pri:2, instance:TestNG_Learning.TestCase3_DependsOn@3e6f3f28]" started-at="2022-05-07T20:40:31 IST" name="doLogin3" finished-at="2022-05-07T20:40:31 IST" depends-on-methods="TestNG_Learning.TestCase3_DependsOn.doUserReg3" duration-ms="0" status="SKIP">
          <exception class="java.lang.Throwable">
            <message>
              <![CDATA[Method TestCase3_DependsOn.doLogin3()[pri:2, instance:TestNG_Learning.TestCase3_DependsOn@3e6f3f28] depends on not successfully finished methods]]>
            </message>
            <full-stacktrace>
              <![CDATA[java.lang.Throwable: Method TestCase3_DependsOn.doLogin3()[pri:2, instance:TestNG_Learning.TestCase3_DependsOn@3e6f3f28] depends on not successfully finished methods
at org.testng.internal.TestInvoker.invokeTestMethods(TestInvoker.java:102)
at org.testng.internal.TestMethodWorker.invokeTestMethods(TestMethodWorker.java:146)
at org.testng.internal.TestMethodWorker.run(TestMethodWorker.java:128)
at java.base/java.util.ArrayList.forEach(ArrayList.java:1511)
at org.testng.TestRunner.privateRun(TestRunner.java:794)
at org.testng.TestRunner.run(TestRunner.java:596)
at org.testng.SuiteRunner.runTest(SuiteRunner.java:377)
at org.testng.SuiteRunner.access$000(SuiteRunner.java:28)
at org.testng.SuiteRunner$SuiteWorker.run(SuiteRunner.java:418)
at org.testng.internal.thread.ThreadUtil.lambda$execute$0(ThreadUtil.java:64)
at java.base/java.util.concurrent.FutureTask.run(FutureTask.java:264)
at java.base/java.util.concurrent.ThreadPoolExecutor.runWorker(ThreadPoolExecutor.java:1136)
at java.base/java.util.concurrent.ThreadPoolExecutor$Worker.run(ThreadPoolExecutor.java:635)
at java.base/java.lang.Thread.run(Thread.java:833)
]]>
            </full-stacktrace>
          </exception> <!-- java.lang.Throwable -->
          <reporter-output>
          </reporter-output>
        </test-method> <!-- doLogin3 -->
        <test-method signature="isSkip()[pri:3, instance:TestNG_Learning.TestCase3_DependsOn@3e6f3f28]" started-at="2022-05-07T20:40:31 IST" name="isSkip" finished-at="2022-05-07T20:40:31 IST" duration-ms="4" status="SKIP">
          <exception class="org.testng.SkipException">
            <message>
              <![CDATA[User already registered]]>
            </message>
            <full-stacktrace>
              <![CDATA[org.testng.SkipException: User already registered
at TestNG_Learning.TestCase3_DependsOn.isSkip(TestCase3_DependsOn.java:23)
at java.base/jdk.internal.reflect.NativeMethodAccessorImpl.invoke0(Native Method)
at java.base/jdk.internal.reflect.NativeMethodAccessorImpl.invoke(NativeMethodAccessorImpl.java:77)
at java.base/jdk.internal.reflect.DelegatingMethodAccessorImpl.invoke(DelegatingMethodAccessorImpl.java:43)
at java.base/java.lang.reflect.Method.invoke(Method.java:568)
at org.testng.internal.MethodInvocationHelper.invokeMethod(MethodInvocationHelper.java:133)
at org.testng.internal.TestInvoker.invokeMethod(TestInvoker.java:598)
at org.testng.internal.TestInvoker.invokeTestMethod(TestInvoker.java:173)
at org.testng.internal.MethodRunner.runInSequence(MethodRunner.java:46)
at org.testng.internal.TestInvoker$MethodInvocationAgent.invoke(TestInvoker.java:824)
at org.testng.internal.TestInvoker.invokeTestMethods(TestInvoker.java:146)
at org.testng.internal.TestMethodWorker.invokeTestMethods(TestMethodWorker.java:146)
at org.testng.internal.TestMethodWorker.run(TestMethodWorker.java:128)
at java.base/java.util.ArrayList.forEach(ArrayList.java:1511)
at org.testng.TestRunner.privateRun(TestRunner.java:794)
at org.testng.TestRunner.run(TestRunner.java:596)
at org.testng.SuiteRunner.runTest(SuiteRunner.java:377)
at org.testng.SuiteRunner.access$000(SuiteRunner.java:28)
at org.testng.SuiteRunner$SuiteWorker.run(SuiteRunner.java:418)
at org.testng.internal.thread.ThreadUtil.lambda$execute$0(ThreadUtil.java:64)
at java.base/java.util.concurrent.FutureTask.run(FutureTask.java:264)
at java.base/java.util.concurrent.ThreadPoolExecutor.runWorker(ThreadPoolExecutor.java:1136)
at java.base/java.util.concurrent.ThreadPoolExecutor$Worker.run(ThreadPoolExecutor.java:635)
at java.base/java.lang.Thread.run(Thread.java:833)
]]>
            </full-stacktrace>
          </exception> <!-- org.testng.SkipException -->
          <reporter-output>
          </reporter-output>
        </test-method> <!-- isSkip -->
      </class> <!-- TestNG_Learning.TestCase3_DependsOn -->
    </test> <!-- Test_Dependency -->
    <test started-at="2022-05-07T20:40:31 IST" name="Test" finished-at="2022-05-07T20:40:50 IST" duration-ms="19375">
      <class name="TestNG_Learning.TestParameterization">
        <test-method is-config="true" signature="setUp()[pri:0, instance:TestNG_Learning.TestParameterization@332729ad]" started-at="2022-05-07T20:40:31 IST" name="setUp" finished-at="2022-05-07T20:40:36 IST" duration-ms="5898" status="PASS">
          <reporter-output>
          </reporter-output>
        </test-method> <!-- setUp -->
        <test-method signature="doLogin(java.lang.String,java.lang.String)[pri:0, instance:TestNG_Learning.TestParameterization@332729ad]" started-at="2022-05-07T20:40:41 IST" name="doLogin" data-provider="dp" finished-at="2022-05-07T20:40:45 IST" duration-ms="4103" status="PASS">
          <params>
            <param index="0">
              <value>
                <![CDATA[swaroopreddy4444@gmail.com]]>
              </value>
            </param>
            <param index="1">
              <value>
                <![CDATA[asdasd]]>
              </value>
            </param>
          </params>
          <reporter-output>
          </reporter-output>
        </test-method> <!-- doLogin -->
        <test-method signature="doLogin(java.lang.String,java.lang.String)[pri:0, instance:TestNG_Learning.TestParameterization@332729ad]" started-at="2022-05-07T20:40:45 IST" name="doLogin" data-provider="dp" finished-at="2022-05-07T20:40:47 IST" duration-ms="1766" status="PASS">
          <params>
            <param index="0">
              <value>
                <![CDATA[super@gmail.com]]>
              </value>
            </param>
            <param index="1">
              <value>
                <![CDATA[sjdk]]>
              </value>
            </param>
          </params>
          <reporter-output>
          </reporter-output>
        </test-method> <!-- doLogin -->
        <test-method signature="doLogin(java.lang.String,java.lang.String)[pri:0, instance:TestNG_Learning.TestParameterization@332729ad]" started-at="2022-05-07T20:40:47 IST" name="doLogin" data-provider="dp" finished-at="2022-05-07T20:40:48 IST" duration-ms="1123" status="PASS">
          <params>
            <param index="0">
              <value>
                <![CDATA[praigi2da@gmail.com]]>
              </value>
            </param>
            <param index="1">
              <value>
                <![CDATA[sfh]]>
              </value>
            </param>
          </params>
          <reporter-output>
          </reporter-output>
        </test-method> <!-- doLogin -->
        <test-method signature="doLogin(java.lang.String,java.lang.String)[pri:0, instance:TestNG_Learning.TestParameterization@332729ad]" started-at="2022-05-07T20:40:48 IST" name="doLogin" data-provider="dp" finished-at="2022-05-07T20:40:49 IST" duration-ms="1123" status="PASS">
          <params>
            <param index="0">
              <value>
                <![CDATA[superturnitin@gmail.com]]>
              </value>
            </param>
            <param index="1">
              <value>
                <![CDATA[sfafs]]>
              </value>
            </param>
          </params>
          <reporter-output>
          </reporter-output>
        </test-method> <!-- doLogin -->
        <test-method is-config="true" signature="tearDown()[pri:0, instance:TestNG_Learning.TestParameterization@332729ad]" started-at="2022-05-07T20:40:49 IST" name="tearDown" finished-at="2022-05-07T20:40:50 IST" duration-ms="493" status="PASS">
          <reporter-output>
          </reporter-output>
        </test-method> <!-- tearDown -->
      </class> <!-- TestNG_Learning.TestParameterization -->
    </test> <!-- Test -->
  </suite> <!-- Learning TestNG -->
</testng-results>
